#
# There is insufficient memory for the Java Runtime Environment to continue.
# Native memory allocation (mmap) failed to map 532676608 bytes. Error detail: G1 virtual space
# Possible reasons:
#   The system is out of physical RAM or swap space
#   This process is running with CompressedOops enabled, and the Java Heap may be blocking the growth of the native heap
# Possible solutions:
#   Reduce memory load on the system
#   Increase physical memory or swap space
#   Check if swap backing store is full
#   Decrease Java heap size (-Xmx/-Xms)
#   Decrease number of Java threads
#   Decrease Java thread stack sizes (-Xss)
#   Set larger code cache with -XX:ReservedCodeCacheSize=
#   JVM is running with Zero Based Compressed Oops mode in which the Java heap is
#     placed in the first 32GB address space. The Java Heap base address is the
#     maximum limit for the native heap growth. Please use -XX:HeapBaseMinAddress
#     to set the Java Heap base and to place the Java Heap above 32GB virtual address.
# This output file may be truncated or incomplete.
#
#  Out of Memory Error (os_windows.cpp:3686), pid=11752, tid=5652
#
# JRE version: OpenJDK Runtime Environment Temurin-21.0.6+7 (21.0.6+7) (build 21.0.6+7-LTS)
# Java VM: OpenJDK 64-Bit Server VM Temurin-21.0.6+7 (21.0.6+7-LTS, mixed mode, sharing, tiered, compressed oops, compressed class ptrs, g1 gc, windows-amd64)
# No core dump will be written. Minidumps are not enabled by default on client versions of Windows
#

---------------  S U M M A R Y ------------

Command Line: -Dfile.encoding=UTF-8 -Dstdout.encoding=UTF-8 -Dstderr.encoding=UTF-8 -XX:+ShowCodeDetailsInExceptionMessages org.kumar.dataload.validation.LedgerCompleteness

Host: Intel(R) Celeron(R) N4120 CPU @ 1.10GHz, 4 cores, 15G,  Windows 11 , 64 bit Build 22621 (10.0.22621.5415)
Time: Mon Jan 19 03:50:44 2026 Eastern Standard Time elapsed time: 8.926850 seconds (0d 0h 0m 8s)

---------------  T H R E A D  ---------------

Current thread (0x0000026efeb321e0):  VMThread "VM Thread"          [id=5652, stack(0x000000ba02e00000,0x000000ba02f00000) (1024K)]

Stack: [0x000000ba02e00000,0x000000ba02f00000]
Native frames: (J=compiled Java code, j=interpreted, Vv=VM code, C=native code)
V  [jvm.dll+0x6cdee9]
V  [jvm.dll+0x8a83d1]
V  [jvm.dll+0x8aa8fe]
V  [jvm.dll+0x8aafe3]
V  [jvm.dll+0x27f706]
V  [jvm.dll+0x6ca755]
V  [jvm.dll+0x6bea3a]
V  [jvm.dll+0x355d6a]
V  [jvm.dll+0x35d936]
V  [jvm.dll+0x3af58e]
V  [jvm.dll+0x3af838]
V  [jvm.dll+0x329efc]
V  [jvm.dll+0x329f87]
V  [jvm.dll+0x36dd4c]
V  [jvm.dll+0x36c598]
V  [jvm.dll+0x3296c1]
V  [jvm.dll+0x36bc0a]
V  [jvm.dll+0x8b0cff]
V  [jvm.dll+0x8b2084]
V  [jvm.dll+0x8b25c0]
V  [jvm.dll+0x8b2863]
V  [jvm.dll+0x851f8b]
V  [jvm.dll+0x6cc5ed]
C  [ucrtbase.dll+0x29333]
C  [KERNEL32.DLL+0x1259d]
C  [ntdll.dll+0x5af78]

VM_Operation (0x000000ba027fdf50): G1CollectForAllocation, mode: safepoint, requested by thread 0x0000026ef59ecac0


---------------  P R O C E S S  ---------------

Threads class SMR info:
_java_thread_list=0x0000026ed8a53660, length=12, elements={
0x0000026ef59ecac0, 0x0000026efeb4f270, 0x0000026efeb500d0, 0x0000026efeb54410,
0x0000026efeb552f0, 0x0000026efeb55f20, 0x0000026efeb56970, 0x0000026efeb576f0,
0x0000026ed801c580, 0x0000026ed80f1c20, 0x0000026ed80f8080, 0x0000026ed8a2ec20
}

Java Threads: ( => current thread )
  0x0000026ef59ecac0 JavaThread "main"                              [_thread_blocked, id=14192, stack(0x000000ba02700000,0x000000ba02800000) (1024K)]
  0x0000026efeb4f270 JavaThread "Reference Handler"          daemon [_thread_blocked, id=10768, stack(0x000000ba02f00000,0x000000ba03000000) (1024K)]
  0x0000026efeb500d0 JavaThread "Finalizer"                  daemon [_thread_blocked, id=2300, stack(0x000000ba03000000,0x000000ba03100000) (1024K)]
  0x0000026efeb54410 JavaThread "Signal Dispatcher"          daemon [_thread_blocked, id=7724, stack(0x000000ba03100000,0x000000ba03200000) (1024K)]
  0x0000026efeb552f0 JavaThread "Attach Listener"            daemon [_thread_blocked, id=3000, stack(0x000000ba03200000,0x000000ba03300000) (1024K)]
  0x0000026efeb55f20 JavaThread "Service Thread"             daemon [_thread_blocked, id=7752, stack(0x000000ba03300000,0x000000ba03400000) (1024K)]
  0x0000026efeb56970 JavaThread "Monitor Deflation Thread"   daemon [_thread_blocked, id=6796, stack(0x000000ba03400000,0x000000ba03500000) (1024K)]
  0x0000026efeb576f0 JavaThread "C2 CompilerThread0"         daemon [_thread_blocked, id=11516, stack(0x000000ba03500000,0x000000ba03600000) (1024K)]
  0x0000026ed801c580 JavaThread "C1 CompilerThread0"         daemon [_thread_blocked, id=2240, stack(0x000000ba03600000,0x000000ba03700000) (1024K)]
  0x0000026ed80f1c20 JavaThread "Notification Thread"        daemon [_thread_blocked, id=7412, stack(0x000000ba03700000,0x000000ba03800000) (1024K)]
  0x0000026ed80f8080 JavaThread "Common-Cleaner"             daemon [_thread_blocked, id=9516, stack(0x000000ba03800000,0x000000ba03900000) (1024K)]
  0x0000026ed8a2ec20 JavaThread "C2 CompilerThread1"         daemon [_thread_blocked, id=8232, stack(0x000000ba03c00000,0x000000ba03d00000) (1024K)]
Total: 12

Other Threads:
=>0x0000026efeb321e0 VMThread "VM Thread"                           [id=5652, stack(0x000000ba02e00000,0x000000ba02f00000) (1024K)]
  0x0000026efeb1f560 WatcherThread "VM Periodic Task Thread"        [id=9576, stack(0x000000ba02d00000,0x000000ba02e00000) (1024K)]
  0x0000026ef7d70f80 WorkerThread "GC Thread#0"                     [id=10196, stack(0x000000ba02800000,0x000000ba02900000) (1024K)]
  0x0000026efeb31aa0 WorkerThread "GC Thread#1"                     [id=13868, stack(0x000000ba03900000,0x000000ba03a00000) (1024K)]
  0x0000026efeb31e40 WorkerThread "GC Thread#2"                     [id=14052, stack(0x000000ba03a00000,0x000000ba03b00000) (1024K)]
  0x0000026efeb33060 WorkerThread "GC Thread#3"                     [id=7592, stack(0x000000ba03b00000,0x000000ba03c00000) (1024K)]
  0x0000026ef7d82c80 ConcurrentGCThread "G1 Main Marker"            [id=13468, stack(0x000000ba02900000,0x000000ba02a00000) (1024K)]
  0x0000026ef7d840d0 WorkerThread "G1 Conc#0"                       [id=6516, stack(0x000000ba02a00000,0x000000ba02b00000) (1024K)]
  0x0000026efe9ec530 ConcurrentGCThread "G1 Refine#0"               [id=9088, stack(0x000000ba02b00000,0x000000ba02c00000) (1024K)]
  0x0000026ef7dce490 ConcurrentGCThread "G1 Service"                [id=13756, stack(0x000000ba02c00000,0x000000ba02d00000) (1024K)]
Total: 10

Threads with active compile tasks:
Total: 0

VM state: at safepoint (normal execution)

VM Mutex/Monitor currently owned by a thread:  ([mutex/lock_event])
[0x00007ffdcf87e380] Threads_lock - owner thread: 0x0000026efeb321e0
[0x00007ffdcf87e480] Heap_lock - owner thread: 0x0000026ef59ecac0

Heap address: 0x0000000702e00000, size: 4050 MB, Compressed Oops mode: Zero based, Oop shift amount: 3

CDS archive(s) mapped at: [0x0000026e93000000-0x0000026e93c80000-0x0000026e93c80000), size 13107200, SharedBaseAddress: 0x0000026e93000000, ArchiveRelocationMode: 1.
Compressed class space mapped at: 0x0000026e94000000-0x0000026ed4000000, reserved size: 1073741824
Narrow klass base: 0x0000026e93000000, Narrow klass shift: 0, Narrow klass range: 0x100000000

GC Precious Log:
 CardTable entry size: 512
 Card Set container configuration: InlinePtr #cards 4 size 8 Array Of Cards #cards 16 size 48 Howl #buckets 8 coarsen threshold 3686 Howl Bitmap #cards 512 size 80 coarsen threshold 460 Card regions per heap region 1 cards per card region 4096
 CPUs: 4 total, 4 available
 Memory: 16199M
 Large Page Support: Disabled
 NUMA Support: Disabled
 Compressed Oops: Enabled (Zero based)
 Heap Region Size: 2M
 Heap Min Capacity: 8M
 Heap Initial Capacity: 254M
 Heap Max Capacity: 4050M
 Pre-touch: Disabled
 Parallel Workers: 4
 Concurrent Workers: 1
 Concurrent Refinement Workers: 4
 Periodic GC: Disabled

Heap:
 garbage-first heap   total 260096K, used 168960K [0x0000000702e00000, 0x0000000800000000)
  region size 2048K, 3 young (6144K), 3 survivors (6144K)
 Metaspace       used 18158K, committed 18432K, reserved 1114112K
  class space    used 2023K, committed 2176K, reserved 1048576K

Heap Regions: E=young(eden), S=young(survivor), O=old, HS=humongous(starts), HC=humongous(continues), CS=collection set, F=free, TAMS=top-at-mark-start, PB=parsable bottom
|   0|0x0000000702e00000, 0x0000000703000000, 0x0000000703000000|100%| O|  |TAMS 0x0000000703000000| PB 0x0000000702e00000| Untracked 
|   1|0x0000000703000000, 0x0000000703200000, 0x0000000703200000|100%| O|  |TAMS 0x0000000703200000| PB 0x0000000703000000| Untracked 
|   2|0x0000000703200000, 0x0000000703400000, 0x0000000703400000|100%| O|  |TAMS 0x0000000703400000| PB 0x0000000703200000| Untracked 
|   3|0x0000000703400000, 0x0000000703600000, 0x0000000703600000|100%| O|  |TAMS 0x0000000703600000| PB 0x0000000703400000| Untracked 
|   4|0x0000000703600000, 0x0000000703800000, 0x0000000703800000|100%| O|  |TAMS 0x0000000703800000| PB 0x0000000703600000| Untracked 
|   5|0x0000000703800000, 0x0000000703a00000, 0x0000000703a00000|100%| O|  |TAMS 0x0000000703a00000| PB 0x0000000703800000| Untracked 
|   6|0x0000000703a00000, 0x0000000703c00000, 0x0000000703c00000|100%| O|  |TAMS 0x0000000703c00000| PB 0x0000000703a00000| Untracked 
|   7|0x0000000703c00000, 0x0000000703e00000, 0x0000000703e00000|100%| O|  |TAMS 0x0000000703e00000| PB 0x0000000703c00000| Untracked 
|   8|0x0000000703e00000, 0x0000000704000000, 0x0000000704000000|100%|HS|  |TAMS 0x0000000704000000| PB 0x0000000703e00000| Complete 
|   9|0x0000000704000000, 0x0000000704200000, 0x0000000704200000|100%|HC|  |TAMS 0x0000000704200000| PB 0x0000000704000000| Complete 
|  10|0x0000000704200000, 0x0000000704400000, 0x0000000704400000|100%|HC|  |TAMS 0x0000000704400000| PB 0x0000000704200000| Complete 
|  11|0x0000000704400000, 0x0000000704600000, 0x0000000704600000|100%|HC|  |TAMS 0x0000000704600000| PB 0x0000000704400000| Complete 
|  12|0x0000000704600000, 0x0000000704800000, 0x0000000704800000|100%|HC|  |TAMS 0x0000000704800000| PB 0x0000000704600000| Complete 
|  13|0x0000000704800000, 0x0000000704a00000, 0x0000000704a00000|100%|HC|  |TAMS 0x0000000704a00000| PB 0x0000000704800000| Complete 
|  14|0x0000000704a00000, 0x0000000704c00000, 0x0000000704c00000|100%| O|  |TAMS 0x0000000704c00000| PB 0x0000000704a00000| Untracked 
|  15|0x0000000704c00000, 0x0000000704e00000, 0x0000000704e00000|100%| O|  |TAMS 0x0000000704e00000| PB 0x0000000704c00000| Untracked 
|  16|0x0000000704e00000, 0x0000000705000000, 0x0000000705000000|100%| O|  |TAMS 0x0000000705000000| PB 0x0000000704e00000| Untracked 
|  17|0x0000000705000000, 0x0000000705200000, 0x0000000705200000|100%| O|  |TAMS 0x0000000705200000| PB 0x0000000705000000| Untracked 
|  18|0x0000000705200000, 0x0000000705400000, 0x0000000705400000|100%| O|  |TAMS 0x0000000705400000| PB 0x0000000705200000| Untracked 
|  19|0x0000000705400000, 0x0000000705600000, 0x0000000705600000|100%| O|  |TAMS 0x0000000705600000| PB 0x0000000705400000| Untracked 
|  20|0x0000000705600000, 0x0000000705800000, 0x0000000705800000|100%| O|  |TAMS 0x0000000705800000| PB 0x0000000705600000| Untracked 
|  21|0x0000000705800000, 0x0000000705a00000, 0x0000000705a00000|100%| O|  |TAMS 0x0000000705a00000| PB 0x0000000705800000| Untracked 
|  22|0x0000000705a00000, 0x0000000705c00000, 0x0000000705c00000|100%| O|  |TAMS 0x0000000705c00000| PB 0x0000000705a00000| Untracked 
|  23|0x0000000705c00000, 0x0000000705e00000, 0x0000000705e00000|100%| O|  |TAMS 0x0000000705e00000| PB 0x0000000705c00000| Untracked 
|  24|0x0000000705e00000, 0x0000000706000000, 0x0000000706000000|100%| O|  |TAMS 0x0000000706000000| PB 0x0000000705e00000| Untracked 
|  25|0x0000000706000000, 0x0000000706200000, 0x0000000706200000|100%| O|  |TAMS 0x0000000706200000| PB 0x0000000706000000| Untracked 
|  26|0x0000000706200000, 0x0000000706400000, 0x0000000706400000|100%| O|  |TAMS 0x0000000706400000| PB 0x0000000706200000| Untracked 
|  27|0x0000000706400000, 0x0000000706600000, 0x0000000706600000|100%| O|  |TAMS 0x0000000706600000| PB 0x0000000706400000| Untracked 
|  28|0x0000000706600000, 0x0000000706800000, 0x0000000706800000|100%| O|  |TAMS 0x0000000706800000| PB 0x0000000706600000| Untracked 
|  29|0x0000000706800000, 0x0000000706a00000, 0x0000000706a00000|100%| O|  |TAMS 0x0000000706a00000| PB 0x0000000706800000| Untracked 
|  30|0x0000000706a00000, 0x0000000706c00000, 0x0000000706c00000|100%| O|  |TAMS 0x0000000706c00000| PB 0x0000000706a00000| Untracked 
|  31|0x0000000706c00000, 0x0000000706e00000, 0x0000000706e00000|100%| O|  |TAMS 0x0000000706e00000| PB 0x0000000706c00000| Untracked 
|  32|0x0000000706e00000, 0x0000000707000000, 0x0000000707000000|100%| O|  |TAMS 0x0000000707000000| PB 0x0000000706e00000| Untracked 
|  33|0x0000000707000000, 0x0000000707200000, 0x0000000707200000|100%| O|  |TAMS 0x0000000707200000| PB 0x0000000707000000| Untracked 
|  34|0x0000000707200000, 0x0000000707400000, 0x0000000707400000|100%| O|  |TAMS 0x0000000707400000| PB 0x0000000707200000| Untracked 
|  35|0x0000000707400000, 0x0000000707600000, 0x0000000707600000|100%| O|  |TAMS 0x0000000707600000| PB 0x0000000707400000| Untracked 
|  36|0x0000000707600000, 0x0000000707800000, 0x0000000707800000|100%| O|  |TAMS 0x0000000707800000| PB 0x0000000707600000| Untracked 
|  37|0x0000000707800000, 0x0000000707a00000, 0x0000000707a00000|100%| O|  |TAMS 0x0000000707a00000| PB 0x0000000707800000| Untracked 
|  38|0x0000000707a00000, 0x0000000707c00000, 0x0000000707c00000|100%| O|  |TAMS 0x0000000707c00000| PB 0x0000000707a00000| Untracked 
|  39|0x0000000707c00000, 0x0000000707e00000, 0x0000000707e00000|100%| O|  |TAMS 0x0000000707e00000| PB 0x0000000707c00000| Untracked 
|  40|0x0000000707e00000, 0x0000000708000000, 0x0000000708000000|100%| O|  |TAMS 0x0000000708000000| PB 0x0000000707e00000| Untracked 
|  41|0x0000000708000000, 0x0000000708200000, 0x0000000708200000|100%| O|  |TAMS 0x0000000708200000| PB 0x0000000708000000| Untracked 
|  42|0x0000000708200000, 0x0000000708400000, 0x0000000708400000|100%| O|  |TAMS 0x0000000708400000| PB 0x0000000708200000| Untracked 
|  43|0x0000000708400000, 0x0000000708600000, 0x0000000708600000|100%| O|  |TAMS 0x0000000708600000| PB 0x0000000708400000| Untracked 
|  44|0x0000000708600000, 0x0000000708800000, 0x0000000708800000|100%| O|  |TAMS 0x0000000708800000| PB 0x0000000708600000| Untracked 
|  45|0x0000000708800000, 0x0000000708a00000, 0x0000000708a00000|100%| O|  |TAMS 0x0000000708a00000| PB 0x0000000708800000| Untracked 
|  46|0x0000000708a00000, 0x0000000708c00000, 0x0000000708c00000|100%| O|  |TAMS 0x0000000708c00000| PB 0x0000000708a00000| Untracked 
|  47|0x0000000708c00000, 0x0000000708e00000, 0x0000000708e00000|100%| O|  |TAMS 0x0000000708e00000| PB 0x0000000708c00000| Untracked 
|  48|0x0000000708e00000, 0x0000000709000000, 0x0000000709000000|100%| O|  |TAMS 0x0000000709000000| PB 0x0000000708e00000| Untracked 
|  49|0x0000000709000000, 0x0000000709200000, 0x0000000709200000|100%| O|  |TAMS 0x0000000709200000| PB 0x0000000709000000| Untracked 
|  50|0x0000000709200000, 0x0000000709400000, 0x0000000709400000|100%| O|  |TAMS 0x0000000709400000| PB 0x0000000709200000| Untracked 
|  51|0x0000000709400000, 0x0000000709600000, 0x0000000709600000|100%| O|  |TAMS 0x0000000709600000| PB 0x0000000709400000| Untracked 
|  52|0x0000000709600000, 0x0000000709800000, 0x0000000709800000|100%| O|  |TAMS 0x0000000709800000| PB 0x0000000709600000| Untracked 
|  53|0x0000000709800000, 0x0000000709a00000, 0x0000000709a00000|100%| O|  |TAMS 0x0000000709a00000| PB 0x0000000709800000| Untracked 
|  54|0x0000000709a00000, 0x0000000709c00000, 0x0000000709c00000|100%| O|  |TAMS 0x0000000709c00000| PB 0x0000000709a00000| Untracked 
|  55|0x0000000709c00000, 0x0000000709e00000, 0x0000000709e00000|100%| O|  |TAMS 0x0000000709e00000| PB 0x0000000709c00000| Untracked 
|  56|0x0000000709e00000, 0x000000070a000000, 0x000000070a000000|100%| O|  |TAMS 0x000000070a000000| PB 0x0000000709e00000| Untracked 
|  57|0x000000070a000000, 0x000000070a200000, 0x000000070a200000|100%| O|  |TAMS 0x000000070a100000| PB 0x000000070a000000| Untracked 
|  58|0x000000070a200000, 0x000000070a400000, 0x000000070a400000|100%| O|  |TAMS 0x000000070a200000| PB 0x000000070a200000| Untracked 
|  59|0x000000070a400000, 0x000000070a600000, 0x000000070a600000|100%| O|  |TAMS 0x000000070a400000| PB 0x000000070a400000| Untracked 
|  60|0x000000070a600000, 0x000000070a800000, 0x000000070a800000|100%| O|  |TAMS 0x000000070a600000| PB 0x000000070a600000| Untracked 
|  61|0x000000070a800000, 0x000000070aa00000, 0x000000070aa00000|100%| O|  |TAMS 0x000000070a800000| PB 0x000000070a800000| Untracked 
|  62|0x000000070aa00000, 0x000000070ac00000, 0x000000070ac00000|100%| O|  |TAMS 0x000000070aa00000| PB 0x000000070aa00000| Untracked 
|  63|0x000000070ac00000, 0x000000070ae00000, 0x000000070ae00000|100%| O|  |TAMS 0x000000070ac00000| PB 0x000000070ac00000| Untracked 
|  64|0x000000070ae00000, 0x000000070b000000, 0x000000070b000000|100%| O|  |TAMS 0x000000070ae00000| PB 0x000000070ae00000| Untracked 
|  65|0x000000070b000000, 0x000000070b200000, 0x000000070b200000|100%| O|  |TAMS 0x000000070b000000| PB 0x000000070b000000| Untracked 
|  66|0x000000070b200000, 0x000000070b400000, 0x000000070b400000|100%| O|  |TAMS 0x000000070b200000| PB 0x000000070b200000| Untracked 
|  67|0x000000070b400000, 0x000000070b600000, 0x000000070b600000|100%| O|  |TAMS 0x000000070b400000| PB 0x000000070b400000| Untracked 
|  68|0x000000070b600000, 0x000000070b800000, 0x000000070b800000|100%| O|  |TAMS 0x000000070b600000| PB 0x000000070b600000| Untracked 
|  69|0x000000070b800000, 0x000000070ba00000, 0x000000070ba00000|100%| O|  |TAMS 0x000000070b800000| PB 0x000000070b800000| Untracked 
|  70|0x000000070ba00000, 0x000000070bc00000, 0x000000070bc00000|100%| O|  |TAMS 0x000000070ba00000| PB 0x000000070ba00000| Untracked 
|  71|0x000000070bc00000, 0x000000070be00000, 0x000000070be00000|100%| O|  |TAMS 0x000000070bc00000| PB 0x000000070bc00000| Untracked 
|  72|0x000000070be00000, 0x000000070c000000, 0x000000070c000000|100%| O|  |TAMS 0x000000070be00000| PB 0x000000070be00000| Untracked 
|  73|0x000000070c000000, 0x000000070c200000, 0x000000070c200000|100%| O|  |TAMS 0x000000070c000000| PB 0x000000070c000000| Untracked 
|  74|0x000000070c200000, 0x000000070c400000, 0x000000070c400000|100%| O|  |TAMS 0x000000070c200000| PB 0x000000070c200000| Untracked 
|  75|0x000000070c400000, 0x000000070c600000, 0x000000070c600000|100%| O|  |TAMS 0x000000070c400000| PB 0x000000070c400000| Untracked 
|  76|0x000000070c600000, 0x000000070c800000, 0x000000070c800000|100%| O|  |TAMS 0x000000070c600000| PB 0x000000070c600000| Untracked 
|  77|0x000000070c800000, 0x000000070ca00000, 0x000000070ca00000|100%| O|  |TAMS 0x000000070c800000| PB 0x000000070c800000| Untracked 
|  78|0x000000070ca00000, 0x000000070cc00000, 0x000000070cc00000|100%| O|  |TAMS 0x000000070ca00000| PB 0x000000070ca00000| Untracked 
|  79|0x000000070cc00000, 0x000000070cd00000, 0x000000070ce00000| 50%| O|  |TAMS 0x000000070cc00000| PB 0x000000070cc00000| Untracked 
|  80|0x000000070ce00000, 0x000000070ce00000, 0x000000070d000000|  0%| F|  |TAMS 0x000000070ce00000| PB 0x000000070ce00000| Untracked 
|  81|0x000000070d000000, 0x000000070d000000, 0x000000070d200000|  0%| F|  |TAMS 0x000000070d000000| PB 0x000000070d000000| Untracked 
|  82|0x000000070d200000, 0x000000070d200000, 0x000000070d400000|  0%| F|  |TAMS 0x000000070d200000| PB 0x000000070d200000| Untracked 
|  83|0x000000070d400000, 0x000000070d400000, 0x000000070d600000|  0%| F|  |TAMS 0x000000070d400000| PB 0x000000070d400000| Untracked 
|  84|0x000000070d600000, 0x000000070d600000, 0x000000070d800000|  0%| F|  |TAMS 0x000000070d600000| PB 0x000000070d600000| Untracked 
|  85|0x000000070d800000, 0x000000070d800000, 0x000000070da00000|  0%| F|  |TAMS 0x000000070d800000| PB 0x000000070d800000| Untracked 
|  86|0x000000070da00000, 0x000000070da00000, 0x000000070dc00000|  0%| F|  |TAMS 0x000000070da00000| PB 0x000000070da00000| Untracked 
|  87|0x000000070dc00000, 0x000000070dc00000, 0x000000070de00000|  0%| F|  |TAMS 0x000000070dc00000| PB 0x000000070dc00000| Untracked 
|  88|0x000000070de00000, 0x000000070de00000, 0x000000070e000000|  0%| F|  |TAMS 0x000000070de00000| PB 0x000000070de00000| Untracked 
|  89|0x000000070e000000, 0x000000070e000000, 0x000000070e200000|  0%| F|  |TAMS 0x000000070e000000| PB 0x000000070e000000| Untracked 
|  90|0x000000070e200000, 0x000000070e200000, 0x000000070e400000|  0%| F|  |TAMS 0x000000070e200000| PB 0x000000070e200000| Untracked 
|  91|0x000000070e400000, 0x000000070e400000, 0x000000070e600000|  0%| F|  |TAMS 0x000000070e400000| PB 0x000000070e400000| Untracked 
|  92|0x000000070e600000, 0x000000070e600000, 0x000000070e800000|  0%| F|  |TAMS 0x000000070e600000| PB 0x000000070e600000| Untracked 
|  93|0x000000070e800000, 0x000000070e800000, 0x000000070ea00000|  0%| F|  |TAMS 0x000000070e800000| PB 0x000000070e800000| Untracked 
|  94|0x000000070ea00000, 0x000000070ea00000, 0x000000070ec00000|  0%| F|  |TAMS 0x000000070ea00000| PB 0x000000070ea00000| Untracked 
|  95|0x000000070ec00000, 0x000000070ec00000, 0x000000070ee00000|  0%| F|  |TAMS 0x000000070ec00000| PB 0x000000070ec00000| Untracked 
|  96|0x000000070ee00000, 0x000000070ee00000, 0x000000070f000000|  0%| F|  |TAMS 0x000000070ee00000| PB 0x000000070ee00000| Untracked 
|  97|0x000000070f000000, 0x000000070f000000, 0x000000070f200000|  0%| F|  |TAMS 0x000000070f000000| PB 0x000000070f000000| Untracked 
|  98|0x000000070f200000, 0x000000070f200000, 0x000000070f400000|  0%| F|  |TAMS 0x000000070f200000| PB 0x000000070f200000| Untracked 
|  99|0x000000070f400000, 0x000000070f400000, 0x000000070f600000|  0%| F|  |TAMS 0x000000070f400000| PB 0x000000070f400000| Untracked 
| 100|0x000000070f600000, 0x000000070f800000, 0x000000070f800000|100%| S|CS|TAMS 0x000000070f600000| PB 0x000000070f600000| Complete 
| 101|0x000000070f800000, 0x000000070fa00000, 0x000000070fa00000|100%| S|CS|TAMS 0x000000070f800000| PB 0x000000070f800000| Complete 
| 102|0x000000070fa00000, 0x000000070fc00000, 0x000000070fc00000|100%| S|CS|TAMS 0x000000070fa00000| PB 0x000000070fa00000| Complete 
| 103|0x000000070fc00000, 0x000000070fc00000, 0x000000070fe00000|  0%| F|  |TAMS 0x000000070fc00000| PB 0x000000070fc00000| Untracked 
| 104|0x000000070fe00000, 0x000000070fe00000, 0x0000000710000000|  0%| F|  |TAMS 0x000000070fe00000| PB 0x000000070fe00000| Untracked 
| 105|0x0000000710000000, 0x0000000710000000, 0x0000000710200000|  0%| F|  |TAMS 0x0000000710000000| PB 0x0000000710000000| Untracked 
| 106|0x0000000710200000, 0x0000000710200000, 0x0000000710400000|  0%| F|  |TAMS 0x0000000710200000| PB 0x0000000710200000| Untracked 
| 107|0x0000000710400000, 0x0000000710400000, 0x0000000710600000|  0%| F|  |TAMS 0x0000000710400000| PB 0x0000000710400000| Untracked 
| 108|0x0000000710600000, 0x0000000710600000, 0x0000000710800000|  0%| F|  |TAMS 0x0000000710600000| PB 0x0000000710600000| Untracked 
| 109|0x0000000710800000, 0x0000000710800000, 0x0000000710a00000|  0%| F|  |TAMS 0x0000000710800000| PB 0x0000000710800000| Untracked 
| 110|0x0000000710a00000, 0x0000000710a00000, 0x0000000710c00000|  0%| F|  |TAMS 0x0000000710a00000| PB 0x0000000710a00000| Untracked 
| 111|0x0000000710c00000, 0x0000000710c00000, 0x0000000710e00000|  0%| F|  |TAMS 0x0000000710c00000| PB 0x0000000710c00000| Untracked 
| 112|0x0000000710e00000, 0x0000000710e00000, 0x0000000711000000|  0%| F|  |TAMS 0x0000000710e00000| PB 0x0000000710e00000| Untracked 
| 113|0x0000000711000000, 0x0000000711000000, 0x0000000711200000|  0%| F|  |TAMS 0x0000000711000000| PB 0x0000000711000000| Untracked 
| 114|0x0000000711200000, 0x0000000711200000, 0x0000000711400000|  0%| F|  |TAMS 0x0000000711200000| PB 0x0000000711200000| Untracked 
| 115|0x0000000711400000, 0x0000000711400000, 0x0000000711600000|  0%| F|  |TAMS 0x0000000711400000| PB 0x0000000711400000| Untracked 
| 116|0x0000000711600000, 0x0000000711600000, 0x0000000711800000|  0%| F|  |TAMS 0x0000000711600000| PB 0x0000000711600000| Untracked 
| 117|0x0000000711800000, 0x0000000711800000, 0x0000000711a00000|  0%| F|  |TAMS 0x0000000711800000| PB 0x0000000711800000| Untracked 
| 118|0x0000000711a00000, 0x0000000711a00000, 0x0000000711c00000|  0%| F|  |TAMS 0x0000000711a00000| PB 0x0000000711a00000| Untracked 
| 119|0x0000000711c00000, 0x0000000711c00000, 0x0000000711e00000|  0%| F|  |TAMS 0x0000000711c00000| PB 0x0000000711c00000| Untracked 
| 120|0x0000000711e00000, 0x0000000711e00000, 0x0000000712000000|  0%| F|  |TAMS 0x0000000711e00000| PB 0x0000000711e00000| Untracked 
| 121|0x0000000712000000, 0x0000000712000000, 0x0000000712200000|  0%| F|  |TAMS 0x0000000712000000| PB 0x0000000712000000| Untracked 
| 122|0x0000000712200000, 0x0000000712200000, 0x0000000712400000|  0%| F|  |TAMS 0x0000000712200000| PB 0x0000000712200000| Untracked 
| 123|0x0000000712400000, 0x0000000712400000, 0x0000000712600000|  0%| F|  |TAMS 0x0000000712400000| PB 0x0000000712400000| Untracked 
| 124|0x0000000712600000, 0x0000000712600000, 0x0000000712800000|  0%| F|  |TAMS 0x0000000712600000| PB 0x0000000712600000| Untracked 
| 125|0x0000000712800000, 0x0000000712800000, 0x0000000712a00000|  0%| F|  |TAMS 0x0000000712800000| PB 0x0000000712800000| Untracked 
| 126|0x0000000712a00000, 0x0000000712a00000, 0x0000000712c00000|  0%| F|  |TAMS 0x0000000712a00000| PB 0x0000000712a00000| Untracked 

Card table byte_map: [0x0000026efbe90000,0x0000026efc680000] _byte_map_base: 0x0000026ef8679000

Marking Bits: (CMBitMap*) 0x0000026ef7d71680
 Bits: [0x0000026e8f000000, 0x0000026e92f48000)

Polling page: 0x0000026ef5cf0000

Metaspace:

Usage:
  Non-class:     15.76 MB used.
      Class:      1.98 MB used.
       Both:     17.73 MB used.

Virtual space:
  Non-class space:       64.00 MB reserved,      15.88 MB ( 25%) committed,  1 nodes.
      Class space:        1.00 GB reserved,       2.12 MB ( <1%) committed,  1 nodes.
             Both:        1.06 GB reserved,      18.00 MB (  2%) committed. 

Chunk freelists:
   Non-Class:  15.38 MB
       Class:  13.72 MB
        Both:  29.10 MB

MaxMetaspaceSize: unlimited
CompressedClassSpaceSize: 1.00 GB
Initial GC threshold: 21.00 MB
Current GC threshold: 21.00 MB
CDS: on
 - commit_granule_bytes: 65536.
 - commit_granule_words: 8192.
 - virtual_space_node_default_size: 8388608.
 - enlarge_chunks_in_place: 1.
 - use_allocation_guard: 0.


Internal statistics:

num_allocs_failed_limit: 0.
num_arena_births: 250.
num_arena_deaths: 0.
num_vsnodes_births: 2.
num_vsnodes_deaths: 0.
num_space_committed: 288.
num_space_uncommitted: 0.
num_chunks_returned_to_freelist: 0.
num_chunks_taken_from_freelist: 718.
num_chunk_merges: 0.
num_chunk_splits: 505.
num_chunks_enlarged: 398.
num_inconsistent_stats: 0.

CodeHeap 'non-profiled nmethods': size=120000Kb used=1754Kb max_used=1754Kb free=118246Kb
 bounds [0x0000026e87ad0000, 0x0000026e87d40000, 0x0000026e8f000000]
CodeHeap 'profiled nmethods': size=120000Kb used=5401Kb max_used=5401Kb free=114598Kb
 bounds [0x0000026e80000000, 0x0000026e80550000, 0x0000026e87530000]
CodeHeap 'non-nmethods': size=5760Kb used=1500Kb max_used=1554Kb free=4259Kb
 bounds [0x0000026e87530000, 0x0000026e877a0000, 0x0000026e87ad0000]
 total_blobs=3401 nmethods=2831 adapters=475
 compilation: enabled
              stopped_count=0, restarted_count=0
 full_count=0

Compilation events (20 events):
Event: 8.084 Thread 0x0000026efeb576f0 nmethod 2711 0x0000026e87c7f110 code [0x0000026e87c7f360, 0x0000026e87c806b8]
Event: 8.085 Thread 0x0000026efeb576f0 2828       4       com.sun.org.apache.xerces.internal.util.XMLAttributesImpl::setURI (14 bytes)
Event: 8.087 Thread 0x0000026efeb576f0 nmethod 2828 0x0000026e87c80c90 code [0x0000026e87c80e20, 0x0000026e87c81010]
Event: 8.087 Thread 0x0000026efeb576f0 2807       4       com.sun.org.apache.xerces.internal.utils.XMLSecurityManager::isNoLimit (10 bytes)
Event: 8.088 Thread 0x0000026efeb576f0 nmethod 2807 0x0000026e87c81110 code [0x0000026e87c812a0, 0x0000026e87c81348]
Event: 8.088 Thread 0x0000026efeb576f0 2812       4       com.sun.org.apache.xerces.internal.util.XMLAttributesImpl::getURI (29 bytes)
Event: 8.089 Thread 0x0000026efeb576f0 nmethod 2812 0x0000026e87c81410 code [0x0000026e87c815a0, 0x0000026e87c816e8]
Event: 8.090 Thread 0x0000026efeb576f0 2811       4       com.sun.org.apache.xerces.internal.parsers.AbstractSAXParser$AttributesProxy::getURI (22 bytes)
Event: 8.092 Thread 0x0000026efeb576f0 nmethod 2811 0x0000026e87c81810 code [0x0000026e87c819c0, 0x0000026e87c81b68]
Event: 8.092 Thread 0x0000026efeb576f0 2813       4       com.sun.org.apache.xerces.internal.parsers.AbstractSAXParser$AttributesProxy::getValue (11 bytes)
Event: 8.107 Thread 0x0000026efeb576f0 nmethod 2813 0x0000026e87c81d10 code [0x0000026e87c81f00, 0x0000026e87c828a8]
Event: 8.107 Thread 0x0000026efeb576f0 2831       4       java.lang.String::substring (10 bytes)
Event: 8.115 Thread 0x0000026efeb576f0 nmethod 2831 0x0000026e87c82d90 code [0x0000026e87c82f40, 0x0000026e87c833c8]
Event: 8.116 Thread 0x0000026efeb576f0 2802       4       com.sun.org.apache.xerces.internal.util.XMLAttributesIteratorImpl::removeAllAttributes (10 bytes)
Event: 8.116 Thread 0x0000026efeb576f0 nmethod 2802 0x0000026e87c83690 code [0x0000026e87c83820, 0x0000026e87c838b0]
Event: 8.116 Thread 0x0000026efeb576f0 2803       4       com.sun.org.apache.xerces.internal.util.XMLAttributesImpl::removeAllAttributes (6 bytes)
Event: 8.116 Thread 0x0000026efeb576f0 nmethod 2803 0x0000026e87c83990 code [0x0000026e87c83b20, 0x0000026e87c83bb0]
Event: 8.116 Thread 0x0000026efeb576f0 2830       4       com.sun.org.apache.xerces.internal.util.XMLStringBuffer::clear (11 bytes)
Event: 8.117 Thread 0x0000026efeb576f0 nmethod 2830 0x0000026e87c83c90 code [0x0000026e87c83e20, 0x0000026e87c83eb0]
Event: 8.122 Thread 0x0000026ed8a2ec20 nmethod 2713 0x0000026e87c83f90 code [0x0000026e87c84260, 0x0000026e87c85d68]

GC Heap History (17 events):
Event: 1.388 GC heap before
{Heap before GC invocations=0 (full 0):
 garbage-first heap   total 260096K, used 10240K [0x0000000702e00000, 0x0000000800000000)
  region size 2048K, 6 young (12288K), 0 survivors (0K)
 Metaspace       used 3043K, committed 3264K, reserved 1114112K
  class space    used 318K, committed 448K, reserved 1048576K
}
Event: 1.393 GC heap after
{Heap after GC invocations=1 (full 0):
 garbage-first heap   total 260096K, used 3531K [0x0000000702e00000, 0x0000000800000000)
  region size 2048K, 1 young (2048K), 1 survivors (2048K)
 Metaspace       used 3043K, committed 3264K, reserved 1114112K
  class space    used 318K, committed 448K, reserved 1048576K
}
Event: 2.154 GC heap before
{Heap before GC invocations=1 (full 0):
 garbage-first heap   total 260096K, used 15819K [0x0000000702e00000, 0x0000000800000000)
  region size 2048K, 7 young (14336K), 1 survivors (2048K)
 Metaspace       used 6735K, committed 7040K, reserved 1114112K
  class space    used 740K, committed 896K, reserved 1048576K
}
Event: 2.159 GC heap after
{Heap after GC invocations=2 (full 0):
 garbage-first heap   total 260096K, used 4730K [0x0000000702e00000, 0x0000000800000000)
  region size 2048K, 1 young (2048K), 1 survivors (2048K)
 Metaspace       used 6735K, committed 7040K, reserved 1114112K
  class space    used 740K, committed 896K, reserved 1048576K
}
Event: 4.222 GC heap before
{Heap before GC invocations=2 (full 0):
 garbage-first heap   total 260096K, used 53882K [0x0000000702e00000, 0x0000000800000000)
  region size 2048K, 14 young (28672K), 1 survivors (2048K)
 Metaspace       used 15934K, committed 16256K, reserved 1114112K
  class space    used 1762K, committed 1920K, reserved 1048576K
}
Event: 4.231 GC heap after
{Heap after GC invocations=3 (full 0):
 garbage-first heap   total 260096K, used 21042K [0x0000000702e00000, 0x0000000800000000)
  region size 2048K, 2 young (4096K), 2 survivors (4096K)
 Metaspace       used 15934K, committed 16256K, reserved 1114112K
  class space    used 1762K, committed 1920K, reserved 1048576K
}
Event: 5.907 GC heap before
{Heap before GC invocations=3 (full 0):
 garbage-first heap   total 260096K, used 94770K [0x0000000702e00000, 0x0000000800000000)
  region size 2048K, 39 young (79872K), 2 survivors (4096K)
 Metaspace       used 18001K, committed 18368K, reserved 1114112K
  class space    used 1993K, committed 2176K, reserved 1048576K
}
Event: 5.923 GC heap after
{Heap after GC invocations=4 (full 0):
 garbage-first heap   total 260096K, used 25588K [0x0000000702e00000, 0x0000000800000000)
  region size 2048K, 5 young (10240K), 5 survivors (10240K)
 Metaspace       used 18001K, committed 18368K, reserved 1114112K
  class space    used 1993K, committed 2176K, reserved 1048576K
}
Event: 8.179 GC heap before
{Heap before GC invocations=4 (full 0):
 garbage-first heap   total 260096K, used 170996K [0x0000000702e00000, 0x0000000800000000)
  region size 2048K, 76 young (155648K), 5 survivors (10240K)
 Metaspace       used 18158K, committed 18432K, reserved 1114112K
  class space    used 2023K, committed 2176K, reserved 1048576K
}
Event: 8.300 GC heap after
{Heap after GC invocations=5 (full 0):
 garbage-first heap   total 260096K, used 81920K [0x0000000702e00000, 0x0000000800000000)
  region size 2048K, 10 young (20480K), 10 survivors (20480K)
 Metaspace       used 18158K, committed 18432K, reserved 1114112K
  class space    used 2023K, committed 2176K, reserved 1048576K
}
Event: 8.307 GC heap before
{Heap before GC invocations=5 (full 0):
 garbage-first heap   total 260096K, used 83968K [0x0000000702e00000, 0x0000000800000000)
  region size 2048K, 11 young (22528K), 10 survivors (20480K)
 Metaspace       used 18158K, committed 18432K, reserved 1114112K
  class space    used 2023K, committed 2176K, reserved 1048576K
}
Event: 8.366 GC heap after
{Heap after GC invocations=6 (full 0):
 garbage-first heap   total 260096K, used 87860K [0x0000000702e00000, 0x0000000800000000)
  region size 2048K, 2 young (4096K), 2 survivors (4096K)
 Metaspace       used 18158K, committed 18432K, reserved 1114112K
  class space    used 2023K, committed 2176K, reserved 1048576K
}
Event: 8.566 GC heap before
{Heap before GC invocations=6 (full 0):
 garbage-first heap   total 260096K, used 143156K [0x0000000702e00000, 0x0000000800000000)
  region size 2048K, 29 young (59392K), 2 survivors (4096K)
 Metaspace       used 18158K, committed 18432K, reserved 1114112K
  class space    used 2023K, committed 2176K, reserved 1048576K
}
Event: 8.609 GC heap after
{Heap after GC invocations=7 (full 0):
 garbage-first heap   total 260096K, used 125952K [0x0000000702e00000, 0x0000000800000000)
  region size 2048K, 4 young (8192K), 4 survivors (8192K)
 Metaspace       used 18158K, committed 18432K, reserved 1114112K
  class space    used 2023K, committed 2176K, reserved 1048576K
}
Event: 8.639 GC heap before
{Heap before GC invocations=7 (full 0):
 garbage-first heap   total 260096K, used 134144K [0x0000000702e00000, 0x0000000800000000)
  region size 2048K, 8 young (16384K), 4 survivors (8192K)
 Metaspace       used 18158K, committed 18432K, reserved 1114112K
  class space    used 2023K, committed 2176K, reserved 1048576K
}
Event: 8.656 GC heap after
{Heap after GC invocations=8 (full 0):
 garbage-first heap   total 260096K, used 134144K [0x0000000702e00000, 0x0000000800000000)
  region size 2048K, 1 young (2048K), 1 survivors (2048K)
 Metaspace       used 18158K, committed 18432K, reserved 1114112K
  class space    used 2023K, committed 2176K, reserved 1048576K
}
Event: 8.891 GC heap before
{Heap before GC invocations=8 (full 0):
 garbage-first heap   total 260096K, used 179200K [0x0000000702e00000, 0x0000000800000000)
  region size 2048K, 24 young (49152K), 1 survivors (2048K)
 Metaspace       used 18158K, committed 18432K, reserved 1114112K
  class space    used 2023K, committed 2176K, reserved 1048576K
}

Dll operation events (8 events):
Event: 0.031 Loaded shared library C:\Users\annam\.p2\pool\plugins\org.eclipse.justj.openjdk.hotspot.jre.full.win32.x86_64_21.0.6.v20250130-0529\jre\bin\java.dll
Event: 0.167 Loaded shared library C:\Users\annam\.p2\pool\plugins\org.eclipse.justj.openjdk.hotspot.jre.full.win32.x86_64_21.0.6.v20250130-0529\jre\bin\zip.dll
Event: 0.354 Loaded shared library C:\Users\annam\.p2\pool\plugins\org.eclipse.justj.openjdk.hotspot.jre.full.win32.x86_64_21.0.6.v20250130-0529\jre\bin\net.dll
Event: 0.360 Loaded shared library C:\Users\annam\.p2\pool\plugins\org.eclipse.justj.openjdk.hotspot.jre.full.win32.x86_64_21.0.6.v20250130-0529\jre\bin\nio.dll
Event: 0.380 Loaded shared library C:\Users\annam\.p2\pool\plugins\org.eclipse.justj.openjdk.hotspot.jre.full.win32.x86_64_21.0.6.v20250130-0529\jre\bin\zip.dll
Event: 0.615 Loaded shared library C:\Users\annam\.p2\pool\plugins\org.eclipse.justj.openjdk.hotspot.jre.full.win32.x86_64_21.0.6.v20250130-0529\jre\bin\jimage.dll
Event: 1.558 Loaded shared library C:\Users\annam\.p2\pool\plugins\org.eclipse.justj.openjdk.hotspot.jre.full.win32.x86_64_21.0.6.v20250130-0529\jre\bin\management.dll
Event: 1.571 Loaded shared library C:\Users\annam\.p2\pool\plugins\org.eclipse.justj.openjdk.hotspot.jre.full.win32.x86_64_21.0.6.v20250130-0529\jre\bin\management_ext.dll

Deoptimization events (20 events):
Event: 7.384 Thread 0x0000026ef59ecac0 DEOPT PACKING pc=0x0000026e87bc7090 sp=0x000000ba027feb30
Event: 7.384 Thread 0x0000026ef59ecac0 DEOPT UNPACKING pc=0x0000026e8758469c sp=0x000000ba027feac0 mode 2
Event: 7.384 Thread 0x0000026ef59ecac0 Uncommon trap: trap_request=0xffffffde fr.pc=0x0000026e87bc7090 relative=0x0000000000000070
Event: 7.384 Thread 0x0000026ef59ecac0 Uncommon trap: reason=class_check action=maybe_recompile pc=0x0000026e87bc7090 method=org.apache.xmlbeans.impl.values.XmlObjectBase.get_store()Lorg/apache/xmlbeans/impl/values/TypeStore; @ 28 c2
Event: 7.384 Thread 0x0000026ef59ecac0 DEOPT PACKING pc=0x0000026e87bc7090 sp=0x000000ba027fe9c0
Event: 7.384 Thread 0x0000026ef59ecac0 DEOPT UNPACKING pc=0x0000026e8758469c sp=0x000000ba027fe950 mode 2
Event: 7.412 Thread 0x0000026ef59ecac0 Uncommon trap: trap_request=0xffffff45 fr.pc=0x0000026e87bc1010 relative=0x0000000000000070
Event: 7.412 Thread 0x0000026ef59ecac0 Uncommon trap: reason=unstable_if action=reinterpret pc=0x0000026e87bc1010 method=org.apache.xmlbeans.impl.store.Xobj.isElem()Z @ 5 c2
Event: 7.412 Thread 0x0000026ef59ecac0 DEOPT PACKING pc=0x0000026e87bc1010 sp=0x000000ba027feac0
Event: 7.412 Thread 0x0000026ef59ecac0 DEOPT UNPACKING pc=0x0000026e8758469c sp=0x000000ba027fea48 mode 2
Event: 7.462 Thread 0x0000026ef59ecac0 Uncommon trap: trap_request=0xffffff45 fr.pc=0x0000026e87be7048 relative=0x0000000000000088
Event: 7.462 Thread 0x0000026ef59ecac0 Uncommon trap: reason=unstable_if action=reinterpret pc=0x0000026e87be7048 method=org.apache.xmlbeans.impl.store.CharUtil.getString(Ljava/lang/Object;II)Ljava/lang/String; @ 34 c2
Event: 7.462 Thread 0x0000026ef59ecac0 DEOPT PACKING pc=0x0000026e87be7048 sp=0x000000ba027fe840
Event: 7.462 Thread 0x0000026ef59ecac0 DEOPT UNPACKING pc=0x0000026e8758469c sp=0x000000ba027fe7d8 mode 2
Event: 7.481 Thread 0x0000026ef59ecac0 Uncommon trap: trap_request=0xffffff45 fr.pc=0x0000026e87ba70a4 relative=0x0000000000000364
Event: 7.481 Thread 0x0000026ef59ecac0 Uncommon trap: reason=unstable_if action=reinterpret pc=0x0000026e87ba70a4 method=org.apache.xmlbeans.QNameCache.equals(Ljavax/xml/namespace/QName;Ljava/lang/String;Ljava/lang/String;Ljava/lang/String;)Z @ 19 c2
Event: 7.481 Thread 0x0000026ef59ecac0 DEOPT PACKING pc=0x0000026e87ba70a4 sp=0x000000ba027fde10
Event: 7.481 Thread 0x0000026ef59ecac0 DEOPT UNPACKING pc=0x0000026e8758469c sp=0x000000ba027fdda0 mode 2
Event: 7.978 Thread 0x0000026ef59ecac0 DEOPT PACKING pc=0x0000026e8052a887 sp=0x000000ba027fe400
Event: 7.978 Thread 0x0000026ef59ecac0 DEOPT UNPACKING pc=0x0000026e87584e23 sp=0x000000ba027fd8c8 mode 0

Classes loaded (20 events):
Event: 4.421 Loading class org/xml/sax/DTDHandler
Event: 4.421 Loading class org/xml/sax/DTDHandler done
Event: 4.426 Loading class org/w3c/dom/CDATASection
Event: 4.426 Loading class org/w3c/dom/CDATASection done
Event: 4.448 Loading class java/lang/AbstractMethodError
Event: 4.448 Loading class java/lang/AbstractMethodError done
Event: 4.457 Loading class org/w3c/dom/Comment
Event: 4.457 Loading class org/w3c/dom/Comment done
Event: 4.460 Loading class org/w3c/dom/ProcessingInstruction
Event: 4.460 Loading class org/w3c/dom/ProcessingInstruction done
Event: 4.477 Loading class org/w3c/dom/DocumentFragment
Event: 4.478 Loading class org/w3c/dom/DocumentFragment done
Event: 4.482 Loading class com/sun/org/apache/xerces/internal/util/URI
Event: 4.482 Loading class com/sun/org/apache/xerces/internal/util/URI done
Event: 4.484 Loading class com/sun/org/apache/xerces/internal/parsers/AbstractSAXParser$LocatorProxy
Event: 4.484 Loading class org/xml/sax/ext/Locator2
Event: 4.484 Loading class org/xml/sax/Locator
Event: 4.484 Loading class org/xml/sax/Locator done
Event: 4.484 Loading class org/xml/sax/ext/Locator2 done
Event: 4.484 Loading class com/sun/org/apache/xerces/internal/parsers/AbstractSAXParser$LocatorProxy done

Classes unloaded (0 events):
No events

Classes redefined (0 events):
No events

Internal exceptions (20 events):
Event: 2.398 Thread 0x0000026ef59ecac0 Exception <a 'sun/nio/fs/WindowsException'{0x00000007128d90f0}> (0x00000007128d90f0) 
thrown [s\src\hotspot\share\prims\jni.cpp, line 520]
Event: 2.432 Thread 0x0000026ef59ecac0 Exception <a 'java/lang/NoSuchMethodError'{0x00000007128fdcc8}: 'int java.lang.invoke.DirectMethodHandle$Holder.invokeInterface(java.lang.Object, java.lang.Object)'> (0x00000007128fdcc8) 
thrown [s\src\hotspot\share\interpreter\linkResolver.cpp, line 773]
Event: 2.433 Thread 0x0000026ef59ecac0 Exception <a 'java/lang/IncompatibleClassChangeError'{0x0000000712900ee8}: Found class java.lang.Object, but interface was expected> (0x0000000712900ee8) 
thrown [s\src\hotspot\share\interpreter\linkResolver.cpp, line 840]
Event: 2.434 Thread 0x0000026ef59ecac0 Exception <a 'java/lang/NoSuchMethodError'{0x00000007129061e8}: 'void java.lang.invoke.DirectMethodHandle$Holder.invokeStatic(java.lang.Object, java.lang.Object)'> (0x00000007129061e8) 
thrown [s\src\hotspot\share\interpreter\linkResolver.cpp, line 773]
Event: 3.415 Thread 0x0000026ef59ecac0 Exception <a 'java/lang/NoSuchMethodError'{0x0000000711f99ea0}: 'int java.lang.invoke.DirectMethodHandle$Holder.invokeStaticInit(java.lang.Object, java.lang.Object, java.lang.Object)'> (0x0000000711f99ea0) 
thrown [s\src\hotspot\share\interpreter\linkResolver.cpp, line 773]
Event: 3.440 Thread 0x0000026ef59ecac0 Exception <a 'java/lang/NoSuchMethodError'{0x0000000711fc3e80}: 'void java.lang.invoke.DirectMethodHandle$Holder.invokeVirtual(java.lang.Object, java.lang.Object, java.lang.Object, int)'> (0x0000000711fc3e80) 
thrown [s\src\hotspot\share\interpreter\linkResolver.cpp, line 773]
Event: 3.443 Thread 0x0000026ef59ecac0 Exception <a 'java/lang/NoSuchMethodError'{0x0000000711fcacf8}: 'void java.lang.invoke.DirectMethodHandle$Holder.invokeVirtual(java.lang.Object, java.lang.Object, java.lang.Object, java.lang.Object)'> (0x0000000711fcacf8) 
thrown [s\src\hotspot\share\interpreter\linkResolver.cpp, line 773]
Event: 3.503 Thread 0x0000026ef59ecac0 Exception <a 'java/lang/NoSuchMethodError'{0x0000000711b6e338}: 'void java.lang.invoke.DirectMethodHandle$Holder.invokeStatic(java.lang.Object, java.lang.Object, java.lang.Object, int)'> (0x0000000711b6e338) 
thrown [s\src\hotspot\share\interpreter\linkResolver.cpp, line 773]
Event: 3.504 Thread 0x0000026ef59ecac0 Exception <a 'java/lang/NoSuchMethodError'{0x0000000711b71848}: 'void java.lang.invoke.DirectMethodHandle$Holder.invokeStaticInit(java.lang.Object, java.lang.Object, java.lang.Object, int)'> (0x0000000711b71848) 
thrown [s\src\hotspot\share\interpreter\linkResolver.cpp, line 773]
Event: 3.570 Thread 0x0000026ef59ecac0 Exception <a 'java/lang/NoSuchMethodError'{0x0000000711800b08}: 'void java.lang.invoke.DirectMethodHandle$Holder.invokeInterface(java.lang.Object, java.lang.Object, java.lang.Object)'> (0x0000000711800b08) 
thrown [s\src\hotspot\share\interpreter\linkResolver.cpp, line 773]
Event: 3.764 Thread 0x0000026ef59ecac0 Exception <a 'java/lang/NoSuchMethodError'{0x00000007119b6f38}: 'java.lang.Object java.lang.invoke.DirectMethodHandle$Holder.invokeStatic(java.lang.Object, java.lang.Object, int, int)'> (0x00000007119b6f38) 
thrown [s\src\hotspot\share\interpreter\linkResolver.cpp, line 773]
Event: 3.765 Thread 0x0000026ef59ecac0 Exception <a 'java/lang/NoSuchMethodError'{0x00000007119ba4a8}: 'java.lang.Object java.lang.invoke.DirectMethodHandle$Holder.invokeStaticInit(java.lang.Object, java.lang.Object, int, int)'> (0x00000007119ba4a8) 
thrown [s\src\hotspot\share\interpreter\linkResolver.cpp, line 773]
Event: 4.187 Thread 0x0000026ef59ecac0 Exception <a 'java/lang/NoSuchMethodError'{0x00000007110db470}: 'java.lang.Object java.lang.invoke.DirectMethodHandle$Holder.newInvokeSpecial(java.lang.Object, java.lang.Object, int, java.lang.Object)'> (0x00000007110db470) 
thrown [s\src\hotspot\share\interpreter\linkResolver.cpp, line 773]
Event: 4.189 Thread 0x0000026ef59ecac0 Exception <a 'java/lang/NoSuchMethodError'{0x00000007110df2f0}: 'java.lang.Object java.lang.invoke.DirectMethodHandle$Holder.invokeSpecial(java.lang.Object, java.lang.Object, java.lang.Object, int, java.lang.Object)'> (0x00000007110df2f0) 
thrown [s\src\hotspot\share\interpreter\linkResolver.cpp, line 773]
Event: 4.200 Thread 0x0000026ef59ecac0 Exception <a 'java/lang/NoSuchMethodError'{0x000000071111df88}: 'void java.lang.invoke.DirectMethodHandle$Holder.invokeSpecial(java.lang.Object, java.lang.Object, java.lang.Object, java.lang.Object, java.lang.Object)'> (0x000000071111df88) 
thrown [s\src\hotspot\share\interpreter\linkResolver.cpp, line 773]
Event: 4.211 Thread 0x0000026ef59ecac0 Exception <a 'java/lang/NoSuchMethodError'{0x000000071113c3d8}: 'void java.lang.invoke.DirectMethodHandle$Holder.invokeVirtual(java.lang.Object, java.lang.Object)'> (0x000000071113c3d8) 
thrown [s\src\hotspot\share\interpreter\linkResolver.cpp, line 773]
Event: 6.786 Thread 0x0000026ef59ecac0 Implicit null exception at 0x0000026e87bde174 to 0x0000026e87bde2c4
Event: 6.786 Thread 0x0000026ef59ecac0 Implicit null exception at 0x0000026e87bded66 to 0x0000026e87bdedb0
Event: 7.328 Thread 0x0000026ef59ecac0 Implicit null exception at 0x0000026e87be29a4 to 0x0000026e87be3540
Event: 7.369 Thread 0x0000026ef59ecac0 Implicit null exception at 0x0000026e87bd9a00 to 0x0000026e87bda109

ZGC Phase Switch (0 events):
No events

VM Operations (20 events):
Event: 4.231 Executing VM operation: G1CollectForAllocation (G1 Evacuation Pause) done
Event: 4.566 Executing VM operation: HandshakeAllThreads (Deoptimize)
Event: 4.566 Executing VM operation: HandshakeAllThreads (Deoptimize) done
Event: 5.578 Executing VM operation: Cleanup
Event: 5.578 Executing VM operation: Cleanup done
Event: 5.907 Executing VM operation: G1CollectForAllocation (G1 Evacuation Pause)
Event: 5.923 Executing VM operation: G1CollectForAllocation (G1 Evacuation Pause) done
Event: 6.931 Executing VM operation: Cleanup
Event: 6.947 Executing VM operation: Cleanup done
Event: 7.949 Executing VM operation: Cleanup
Event: 7.949 Executing VM operation: Cleanup done
Event: 8.179 Executing VM operation: G1CollectForAllocation (G1 Evacuation Pause)
Event: 8.300 Executing VM operation: G1CollectForAllocation (G1 Evacuation Pause) done
Event: 8.307 Executing VM operation: G1CollectForAllocation (G1 Evacuation Pause)
Event: 8.366 Executing VM operation: G1CollectForAllocation (G1 Evacuation Pause) done
Event: 8.566 Executing VM operation: G1CollectForAllocation (G1 Evacuation Pause)
Event: 8.609 Executing VM operation: G1CollectForAllocation (G1 Evacuation Pause) done
Event: 8.639 Executing VM operation: G1CollectForAllocation (G1 Evacuation Pause)
Event: 8.657 Executing VM operation: G1CollectForAllocation (G1 Evacuation Pause) done
Event: 8.891 Executing VM operation: G1CollectForAllocation (G1 Evacuation Pause)

Memory protections (0 events):
No events

Nmethod flushes (0 events):
No events

Events (20 events):
Event: 0.100 Thread 0x0000026ef59ecac0 Thread added: 0x0000026ef59ecac0
Event: 0.171 Thread 0x0000026ef59ecac0 Thread added: 0x0000026efeb4f270
Event: 0.171 Thread 0x0000026ef59ecac0 Thread added: 0x0000026efeb500d0
Event: 0.172 Thread 0x0000026ef59ecac0 Thread added: 0x0000026efeb54410
Event: 0.172 Thread 0x0000026ef59ecac0 Thread added: 0x0000026efeb552f0
Event: 0.172 Thread 0x0000026ef59ecac0 Thread added: 0x0000026efeb55f20
Event: 0.173 Thread 0x0000026ef59ecac0 Thread added: 0x0000026efeb56970
Event: 0.173 Thread 0x0000026ef59ecac0 Thread added: 0x0000026efeb576f0
Event: 0.203 Thread 0x0000026ef59ecac0 Thread added: 0x0000026ed801c580
Event: 0.329 Thread 0x0000026ef59ecac0 Thread added: 0x0000026ed80f1c20
Event: 0.336 Thread 0x0000026ef59ecac0 Thread added: 0x0000026ed80f8080
Event: 0.442 Thread 0x0000026ed801c580 Thread added: 0x0000026ed80fbe90
Event: 1.043 Thread 0x0000026ed80fbe90 Thread exited: 0x0000026ed80fbe90
Event: 1.762 Thread 0x0000026ed801c580 Thread added: 0x0000026ed861dec0
Event: 1.951 Thread 0x0000026ed861dec0 Thread exited: 0x0000026ed861dec0
Event: 2.718 Thread 0x0000026ed801c580 Thread added: 0x0000026ed8c6c400
Event: 3.874 Thread 0x0000026ed8c6c400 Thread exited: 0x0000026ed8c6c400
Event: 4.363 Thread 0x0000026efeb576f0 Thread added: 0x0000026ed8a2ec20
Event: 4.481 Thread 0x0000026ed8a2ec20 Thread exited: 0x0000026ed8a2ec20
Event: 4.702 Thread 0x0000026ed801c580 Thread added: 0x0000026ed8a2ec20


Dynamic libraries:
0x00007ff603630000 - 0x00007ff60363e000 	C:\Users\annam\.p2\pool\plugins\org.eclipse.justj.openjdk.hotspot.jre.full.win32.x86_64_21.0.6.v20250130-0529\jre\bin\javaw.exe
0x00007ffe82dd0000 - 0x00007ffe82fe8000 	C:\windows\SYSTEM32\ntdll.dll
0x00007ffe825c0000 - 0x00007ffe82684000 	C:\windows\System32\KERNEL32.DLL
0x00007ffe80000000 - 0x00007ffe803d3000 	C:\windows\System32\KERNELBASE.dll
0x00007ffe7fee0000 - 0x00007ffe7fff1000 	C:\windows\System32\ucrtbase.dll
0x00007ffe79510000 - 0x00007ffe79528000 	C:\Users\annam\.p2\pool\plugins\org.eclipse.justj.openjdk.hotspot.jre.full.win32.x86_64_21.0.6.v20250130-0529\jre\bin\jli.dll
0x00007ffe82210000 - 0x00007ffe823c2000 	C:\windows\System32\USER32.dll
0x00007ffe803e0000 - 0x00007ffe80406000 	C:\windows\System32\win32u.dll
0x00007ffe81840000 - 0x00007ffe81869000 	C:\windows\System32\GDI32.dll
0x00007ffe80950000 - 0x00007ffe80a6b000 	C:\windows\System32\gdi32full.dll
0x00007ffe806f0000 - 0x00007ffe8078a000 	C:\windows\System32\msvcp_win.dll
0x00007ffe794f0000 - 0x00007ffe7950e000 	C:\Users\annam\.p2\pool\plugins\org.eclipse.justj.openjdk.hotspot.jre.full.win32.x86_64_21.0.6.v20250130-0529\jre\bin\VCRUNTIME140.dll
0x00007ffe64aa0000 - 0x00007ffe64d3c000 	C:\windows\WinSxS\amd64_microsoft.windows.common-controls_6595b64144ccf1df_6.0.22621.6060_none_2712eda17382d24b\COMCTL32.dll
0x00007ffe82720000 - 0x00007ffe827c7000 	C:\windows\System32\msvcrt.dll
0x00007ffe828b0000 - 0x00007ffe828e1000 	C:\windows\System32\IMM32.DLL
0x00007ffe787b0000 - 0x00007ffe787bc000 	C:\Users\annam\.p2\pool\plugins\org.eclipse.justj.openjdk.hotspot.jre.full.win32.x86_64_21.0.6.v20250130-0529\jre\bin\vcruntime140_1.dll
0x00007ffe493a0000 - 0x00007ffe4942d000 	C:\Users\annam\.p2\pool\plugins\org.eclipse.justj.openjdk.hotspot.jre.full.win32.x86_64_21.0.6.v20250130-0529\jre\bin\msvcp140.dll
0x00007ffdcebd0000 - 0x00007ffdcf960000 	C:\Users\annam\.p2\pool\plugins\org.eclipse.justj.openjdk.hotspot.jre.full.win32.x86_64_21.0.6.v20250130-0529\jre\bin\server\jvm.dll
0x00007ffe827f0000 - 0x00007ffe828a1000 	C:\windows\System32\ADVAPI32.dll
0x00007ffe81790000 - 0x00007ffe81838000 	C:\windows\System32\sechost.dll
0x00007ffe806c0000 - 0x00007ffe806e8000 	C:\windows\System32\bcrypt.dll
0x00007ffe81890000 - 0x00007ffe819a8000 	C:\windows\System32\RPCRT4.dll
0x00007ffe82d10000 - 0x00007ffe82d81000 	C:\windows\System32\WS2_32.dll
0x00007ffe7fdb0000 - 0x00007ffe7fdfd000 	C:\windows\SYSTEM32\POWRPROF.dll
0x00007ffe78570000 - 0x00007ffe785a4000 	C:\windows\SYSTEM32\WINMM.dll
0x00007ffe78050000 - 0x00007ffe7805a000 	C:\windows\SYSTEM32\VERSION.dll
0x00007ffe7fd90000 - 0x00007ffe7fda3000 	C:\windows\SYSTEM32\UMPDC.dll
0x00007ffe7ee80000 - 0x00007ffe7ee98000 	C:\windows\SYSTEM32\kernel.appcore.dll
0x00007ffe5dd40000 - 0x00007ffe5dd4a000 	C:\Users\annam\.p2\pool\plugins\org.eclipse.justj.openjdk.hotspot.jre.full.win32.x86_64_21.0.6.v20250130-0529\jre\bin\jimage.dll
0x00007ffe7d8f0000 - 0x00007ffe7db23000 	C:\windows\SYSTEM32\DBGHELP.DLL
0x00007ffe81b60000 - 0x00007ffe81ef1000 	C:\windows\System32\combase.dll
0x00007ffe828f0000 - 0x00007ffe829c8000 	C:\windows\System32\OLEAUT32.dll
0x00007ffe64390000 - 0x00007ffe643c2000 	C:\windows\SYSTEM32\dbgcore.DLL
0x00007ffe80640000 - 0x00007ffe806bb000 	C:\windows\System32\bcryptPrimitives.dll
0x00007ffe51230000 - 0x00007ffe5124f000 	C:\Users\annam\.p2\pool\plugins\org.eclipse.justj.openjdk.hotspot.jre.full.win32.x86_64_21.0.6.v20250130-0529\jre\bin\java.dll
0x00007ffe80a70000 - 0x00007ffe8130c000 	C:\windows\System32\SHELL32.dll
0x00007ffe80810000 - 0x00007ffe8094f000 	C:\windows\System32\wintypes.dll
0x00007ffe7dd90000 - 0x00007ffe7e6aa000 	C:\windows\SYSTEM32\windows.storage.dll
0x00007ffe823d0000 - 0x00007ffe824d4000 	C:\windows\System32\SHCORE.dll
0x00007ffe82550000 - 0x00007ffe825b9000 	C:\windows\System32\shlwapi.dll
0x00007ffe7fe10000 - 0x00007ffe7fe35000 	C:\windows\SYSTEM32\profapi.dll
0x00007ffe511d0000 - 0x00007ffe511e8000 	C:\Users\annam\.p2\pool\plugins\org.eclipse.justj.openjdk.hotspot.jre.full.win32.x86_64_21.0.6.v20250130-0529\jre\bin\zip.dll
0x00007ffe7b3f0000 - 0x00007ffe7b400000 	C:\Users\annam\.p2\pool\plugins\org.eclipse.justj.openjdk.hotspot.jre.full.win32.x86_64_21.0.6.v20250130-0529\jre\bin\net.dll
0x00007ffe77db0000 - 0x00007ffe77edc000 	C:\windows\SYSTEM32\WINHTTP.dll
0x00007ffe7f340000 - 0x00007ffe7f3a9000 	C:\windows\system32\mswsock.dll
0x00007ffe51210000 - 0x00007ffe51226000 	C:\Users\annam\.p2\pool\plugins\org.eclipse.justj.openjdk.hotspot.jre.full.win32.x86_64_21.0.6.v20250130-0529\jre\bin\nio.dll
0x00007ffe787a0000 - 0x00007ffe787aa000 	C:\Users\annam\.p2\pool\plugins\org.eclipse.justj.openjdk.hotspot.jre.full.win32.x86_64_21.0.6.v20250130-0529\jre\bin\management.dll
0x00007ffe78790000 - 0x00007ffe7879b000 	C:\Users\annam\.p2\pool\plugins\org.eclipse.justj.openjdk.hotspot.jre.full.win32.x86_64_21.0.6.v20250130-0529\jre\bin\management_ext.dll
0x00007ffe81f00000 - 0x00007ffe81f08000 	C:\windows\System32\PSAPI.DLL
0x00007ffe511f0000 - 0x00007ffe51207000 	C:\windows\system32\napinsp.dll
0x00007ffe4cc40000 - 0x00007ffe4cc5b000 	C:\windows\system32\pnrpnsp.dll
0x00007ffe7e980000 - 0x00007ffe7ea78000 	C:\windows\SYSTEM32\DNSAPI.dll
0x00007ffe7e910000 - 0x00007ffe7e93d000 	C:\windows\SYSTEM32\IPHLPAPI.DLL
0x00007ffe82200000 - 0x00007ffe82209000 	C:\windows\System32\NSI.dll
0x00007ffe4cc20000 - 0x00007ffe4cc31000 	C:\windows\System32\winrnr.dll
0x00007ffe779b0000 - 0x00007ffe779c5000 	C:\windows\system32\wshbth.dll
0x00007ffe0fdd0000 - 0x00007ffe0fdf1000 	C:\windows\system32\nlansp_c.dll
0x00007ffe6d580000 - 0x00007ffe6d58a000 	C:\Windows\System32\rasadhlp.dll
0x00007ffe758a0000 - 0x00007ffe75924000 	C:\windows\System32\fwpuclnt.dll

dbghelp: loaded successfully - version: 4.0.5 - missing functions: none
symbol engine: initialized successfully - sym options: 0x614 - pdb path: .;C:\Users\annam\.p2\pool\plugins\org.eclipse.justj.openjdk.hotspot.jre.full.win32.x86_64_21.0.6.v20250130-0529\jre\bin;C:\windows\SYSTEM32;C:\windows\WinSxS\amd64_microsoft.windows.common-controls_6595b64144ccf1df_6.0.22621.6060_none_2712eda17382d24b;C:\Users\annam\.p2\pool\plugins\org.eclipse.justj.openjdk.hotspot.jre.full.win32.x86_64_21.0.6.v20250130-0529\jre\bin\server

VM Arguments:
jvm_args: -Dfile.encoding=UTF-8 -Dstdout.encoding=UTF-8 -Dstderr.encoding=UTF-8 -XX:+ShowCodeDetailsInExceptionMessages 
java_command: org.kumar.dataload.validation.LedgerCompleteness
java_class_path (initial): C:\Users\annam\eclipse-workspace\poi-demo\target\classes;C:\Users\annam\.m2\repository\org\apache\poi\poi\5.2.3\poi-5.2.3.jar;C:\Users\annam\.m2\repository\commons-codec\commons-codec\1.15\commons-codec-1.15.jar;C:\Users\annam\.m2\repository\org\apache\commons\commons-collections4\4.4\commons-collections4-4.4.jar;C:\Users\annam\.m2\repository\org\apache\commons\commons-math3\3.6.1\commons-math3-3.6.1.jar;C:\Users\annam\.m2\repository\commons-io\commons-io\2.11.0\commons-io-2.11.0.jar;C:\Users\annam\.m2\repository\com\zaxxer\SparseBitSet\1.2\SparseBitSet-1.2.jar;C:\Users\annam\.m2\repository\org\apache\poi\poi-ooxml\5.2.3\poi-ooxml-5.2.3.jar;C:\Users\annam\.m2\repository\org\apache\poi\poi-ooxml-lite\5.2.3\poi-ooxml-lite-5.2.3.jar;C:\Users\annam\.m2\repository\org\apache\xmlbeans\xmlbeans\5.1.1\xmlbeans-5.1.1.jar;C:\Users\annam\.m2\repository\org\apache\commons\commons-compress\1.21\commons-compress-1.21.jar;C:\Users\annam\.m2\repository\com\github\virtuald\curvesapi\1.07\curvesapi-1.07.jar;C:\Users\annam\.m2\repository\com\fasterxml\jackson\core\jackson-databind\2.17.2\jackson-databind-2.17.2.jar;C:\Users\annam\.m2\repository\com\fasterxml\jackson\core\jackson-annotations\2.17.2\jackson-annotations-2.17.2.jar;C:\Users\annam\.m2\repository\com\fasterxml\jackson\core\jackson-core\2.17.2\jackson-core-2.17.2.jar;C:\Users\annam\.m2\repository\com\fasterxml\jackson\datatype\jackson-datatype-jsr310\2.17.2\jackson-datatype-jsr310-2.17.2.jar;C:\Users\annam\.m2\repository\com\googlecode\json-simple\json-simple\1.1.1\json-simple-1.1.1.jar;C:\Users\annam\.m2\repository\junit\junit\4.10\junit-4.10.jar;C:\Users\annam\.m2\repository\org\hamcrest\hamcrest-core\1.1\hamcrest-core-1.1.jar;C:\Users\annam\.m2\repository\org\apache\logging\log4j\log4j-api\2.23.1\log4j-api-2.23.1.jar;C:\Users\annam\.m2\repository\org\apache\logging\log4j\log4j-core\2.23.1\log4j-core-2.23.1.jar
Launcher Type: SUN_STANDARD

[Global flags]
     intx CICompilerCount                          = 3                                         {product} {ergonomic}
     uint ConcGCThreads                            = 1                                         {product} {ergonomic}
     uint G1ConcRefinementThreads                  = 4                                         {product} {ergonomic}
   size_t G1HeapRegionSize                         = 2097152                                   {product} {ergonomic}
    uintx GCDrainStackTargetSize                   = 64                                        {product} {ergonomic}
   size_t InitialHeapSize                          = 266338304                                 {product} {ergonomic}
   size_t MarkStackSize                            = 4194304                                   {product} {ergonomic}
   size_t MaxHeapSize                              = 4246732800                                {product} {ergonomic}
   size_t MaxNewSize                               = 2548039680                                {product} {ergonomic}
   size_t MinHeapDeltaBytes                        = 2097152                                   {product} {ergonomic}
   size_t MinHeapSize                              = 8388608                                   {product} {ergonomic}
    uintx NonNMethodCodeHeapSize                   = 5832780                                {pd product} {ergonomic}
    uintx NonProfiledCodeHeapSize                  = 122912730                              {pd product} {ergonomic}
    uintx ProfiledCodeHeapSize                     = 122912730                              {pd product} {ergonomic}
    uintx ReservedCodeCacheSize                    = 251658240                              {pd product} {ergonomic}
     bool SegmentedCodeCache                       = true                                      {product} {ergonomic}
     bool ShowCodeDetailsInExceptionMessages       = true                                   {manageable} {command line}
   size_t SoftMaxHeapSize                          = 4246732800                             {manageable} {ergonomic}
     bool UseCompressedOops                        = true                           {product lp64_product} {ergonomic}
     bool UseG1GC                                  = true                                      {product} {ergonomic}
     bool UseLargePagesIndividualAllocation        = false                                  {pd product} {ergonomic}

Logging:
Log output configuration:
 #0: stdout all=warning uptime,level,tags foldmultilines=false
 #1: stderr all=off uptime,level,tags foldmultilines=false

Environment Variables:
JAVA_HOME=C:\Program Files\Eclipse Adoptium\jdk-17.0.14.7-hotspot\
PATH=C:/Users/annam/.p2/pool/plugins/org.eclipse.justj.openjdk.hotspot.jre.full.win32.x86_64_21.0.6.v20250130-0529/jre/bin/server;C:/Users/annam/.p2/pool/plugins/org.eclipse.justj.openjdk.hotspot.jre.full.win32.x86_64_21.0.6.v20250130-0529/jre/bin;C:\Program Files\Eclipse Adoptium\jdk-17.0.14.7-hotspot\bin;C:\windows\system32;C:\windows;C:\windows\System32\Wbem;C:\windows\System32\WindowsPowerShell\v1.0\;C:\windows\System32\OpenSSH\;C:\Users\annam\AppData\Local\Microsoft\WindowsApps;C:\windows\system32;
USERNAME=annam
OS=Windows_NT
PROCESSOR_IDENTIFIER=Intel64 Family 6 Model 122 Stepping 8, GenuineIntel
TMP=C:\Users\annam\AppData\Local\Temp
TEMP=C:\Users\annam\AppData\Local\Temp




Periodic native trim disabled

---------------  S Y S T E M  ---------------

OS:
 Windows 11 , 64 bit Build 22621 (10.0.22621.5415)
OS uptime: 0 days 0:55 hours
Hyper-V role detected

CPU: total 4 (initial active 4) (4 cores per cpu, 1 threads per core) family 6 model 122 stepping 8 microcode 0x22, cx8, cmov, fxsr, mmx, 3dnowpref, sse, sse2, sse3, ssse3, sse4.1, sse4.2, popcnt, tsc, tscinvbit, aes, erms, clmul, sha, clflush, clflushopt, hv, rdtscp, rdpid
Processor Information for the first 4 processors :
  Max Mhz: 1101, Current Mhz: 1101, Mhz Limit: 1101

Memory: 4k page, system-wide physical 16199M (426M free)
TotalPageFile size 23525M (AvailPageFile size 98M)
current process WorkingSet (physical memory assigned to process): 348M, peak: 348M
current process commit charge ("private bytes"): 383M, peak: 891M

vm_info: OpenJDK 64-Bit Server VM (21.0.6+7-LTS) for windows-amd64 JRE (21.0.6+7-LTS), built on 2025-01-21T00:00:00Z by "admin" with MS VC++ 17.7 (VS2022)

END.
